#
# There is insufficient memory for the Java Runtime Environment to continue.
# Native memory allocation (mmap) failed to map 268435456 bytes for G1 virtual space
# Possible reasons:
#   The system is out of physical RAM or swap space
#   The process is running with CompressedOops enabled, and the Java Heap may be blocking the growth of the native heap
# Possible solutions:
#   Reduce memory load on the system
#   Increase physical memory or swap space
#   Check if swap backing store is full
#   Decrease Java heap size (-Xmx/-Xms)
#   Decrease number of Java threads
#   Decrease Java thread stack sizes (-Xss)
#   Set larger code cache with -XX:ReservedCodeCacheSize=
#   JVM is running with Unscaled Compressed Oops mode in which the Java heap is
#     placed in the first 4GB address space. The Java Heap base address is the
#     maximum limit for the native heap growth. Please use -XX:HeapBaseMinAddress
#     to set the Java Heap base and to place the Java Heap above 4GB virtual address.
# This output file may be truncated or incomplete.
#
#  Out of Memory Error (os_windows.cpp:3613), pid=18836, tid=8492
#
# JRE version:  (17.0.10+7) (build )
# Java VM: OpenJDK 64-Bit Server VM (17.0.10+7, mixed mode, sharing, tiered, compressed oops, compressed class ptrs, g1 gc, windows-amd64)
# No core dump will be written. Minidumps are not enabled by default on client versions of Windows
#

---------------  S U M M A R Y ------------

Command Line: -Dorg.gradle.internal.worker.tmpdir=C:\AksStudio\repositories\study\build\tmp\test\work -Dorg.gradle.native=false -agentlib:jdwp=transport=dt_socket,server=n,suspend=y,address=127.0.0.1:1228 -Xmx512m -Dfile.encoding=x-windows-949 -Duser.country=KR -Duser.language=ko -Duser.variant -ea worker.org.gradle.process.internal.worker.GradleWorkerMain 'Gradle Test Executor 1'

Host: AMD Ryzen 5 1600 Six-Core Processor            , 12 cores, 15G,  Windows 10 , 64 bit Build 19041 (10.0.19041.3636)
Time: Mon Apr  1 22:36:17 2024  Windows 10 , 64 bit Build 19041 (10.0.19041.3636) elapsed time: 0.022172 seconds (0d 0h 0m 0s)

---------------  T H R E A D  ---------------

Current thread (0x0000021428a17200):  JavaThread "Unknown thread" [_thread_in_vm, id=8492, stack(0x00000032f2d00000,0x00000032f2e00000)]

Stack: [0x00000032f2d00000,0x00000032f2e00000]
Native frames: (J=compiled Java code, j=interpreted, Vv=VM code, C=native code)
V  [jvm.dll+0x67d2c9]
V  [jvm.dll+0x834afa]
V  [jvm.dll+0x8365be]
V  [jvm.dll+0x836c23]
V  [jvm.dll+0x2477ff]
V  [jvm.dll+0x67a109]
V  [jvm.dll+0x66eb7a]
V  [jvm.dll+0x30764b]
V  [jvm.dll+0x30eaf6]
V  [jvm.dll+0x35e83e]
V  [jvm.dll+0x35ea6f]
V  [jvm.dll+0x2de248]
V  [jvm.dll+0x2df1b4]
V  [jvm.dll+0x806361]
V  [jvm.dll+0x36c6f1]
V  [jvm.dll+0x7e4e06]
V  [jvm.dll+0x3eff3f]
V  [jvm.dll+0x3f1b71]
C  [jli.dll+0x528f]
C  [ucrtbase.dll+0x21bb2]
C  [KERNEL32.DLL+0x17344]
C  [ntdll.dll+0x526b1]


---------------  P R O C E S S  ---------------

Threads class SMR info:
_java_thread_list=0x00007ffcb78cee98, length=0, elements={
}

Java Threads: ( => current thread )

Other Threads:
  0x0000021428a47ca0 GCTaskThread "GC Thread#0" [stack: 0x00000032f2e00000,0x00000032f2f00000] [id=27804]
  0x0000021428a4cbf0 ConcurrentGCThread "G1 Main Marker" [stack: 0x00000032f2f00000,0x00000032f3000000] [id=16912]
  0x0000021428a4ddb0 ConcurrentGCThread "G1 Conc#0" [stack: 0x00000032f3000000,0x00000032f3100000] [id=17712]

[error occurred during error reporting (printing all threads), id 0xc0000005, EXCEPTION_ACCESS_VIOLATION (0xc0000005) at pc=0x00007ffcb708ec87]

VM state: not at safepoint (not fully initialized)

VM Mutex/Monitor currently owned by a thread:  ([mutex/lock_event])
[0x0000021428a13360] Heap_lock - owner thread: 0x0000021428a17200

Heap address: 0x00000000e0000000, size: 512 MB, Compressed Oops mode: 32-bit

CDS archive(s) mapped at: [0x0000000000000000-0x0000000000000000-0x0000000000000000), size 0, SharedBaseAddress: 0x0000000800000000, ArchiveRelocationMode: 1.
Narrow klass base: 0x0000000000000000, Narrow klass shift: 0, Narrow klass range: 0x0

GC Precious Log:
<Empty>

Heap:
 garbage-first heap   total 0K, used 0K [0x00000000e0000000, 0x0000000100000000)
  region size 1024K, 0 young (0K), 0 survivors (0K)

[error occurred during error reporting (printing heap information), id 0xc0000005, EXCEPTION_ACCESS_VIOLATION (0xc0000005) at pc=0x00007ffcb7476fb9]

GC Heap History (0 events):
No events

Dll operation events (1 events):
Event: 0.016 Loaded shared library C:\Users\±è»ó¹«\.jdks\temurin-17.0.10\bin\java.dll

Deoptimization events (0 events):
No events

Classes unloaded (0 events):
No events

Classes redefined (0 events):
No events

Internal exceptions (0 events):
No events

VM Operations (0 events):
No events

Events (0 events):
No events


Dynamic libraries:
0x00007ff72a710000 - 0x00007ff72a71e000 	C:\Users\±è»ó¹«\.jdks\temurin-17.0.10\bin\java.exe
0x00007ffd19630000 - 0x00007ffd19828000 	C:\WINDOWS\SYSTEM32\ntdll.dll
0x00007ffd17840000 - 0x00007ffd178fd000 	C:\WINDOWS\System32\KERNEL32.DLL
0x00007ffd17330000 - 0x00007ffd17626000 	C:\WINDOWS\System32\KERNELBASE.dll
0x00007ffd170e0000 - 0x00007ffd171e0000 	C:\WINDOWS\System32\ucrtbase.dll
0x00007ffcdc200000 - 0x00007ffcdc217000 	C:\Users\±è»ó¹«\.jdks\temurin-17.0.10\bin\jli.dll
0x00007ffcd82c0000 - 0x00007ffcd82db000 	C:\Users\±è»ó¹«\.jdks\temurin-17.0.10\bin\VCRUNTIME140.dll
0x00007ffd18010000 - 0x00007ffd181ae000 	C:\WINDOWS\System32\USER32.dll
0x00007ffd17630000 - 0x00007ffd17652000 	C:\WINDOWS\System32\win32u.dll
0x00007ffd17900000 - 0x00007ffd1792b000 	C:\WINDOWS\System32\GDI32.dll
0x00007ffd17210000 - 0x00007ffd17327000 	C:\WINDOWS\System32\gdi32full.dll
0x00007ffd03630000 - 0x00007ffd038ca000 	C:\WINDOWS\WinSxS\amd64_microsoft.windows.common-controls_6595b64144ccf1df_6.0.19041.3636_none_60b6a03d71f818d5\COMCTL32.dll
0x00007ffd16fb0000 - 0x00007ffd1704d000 	C:\WINDOWS\System32\msvcp_win.dll
0x00007ffd181b0000 - 0x00007ffd1824e000 	C:\WINDOWS\System32\msvcrt.dll
0x00007ffd18400000 - 0x00007ffd18432000 	C:\WINDOWS\System32\IMM32.DLL
0x00007ffcfecf0000 - 0x00007ffcfecfc000 	C:\Users\±è»ó¹«\.jdks\temurin-17.0.10\bin\vcruntime140_1.dll
0x00007ffcd78b0000 - 0x00007ffcd793d000 	C:\Users\±è»ó¹«\.jdks\temurin-17.0.10\bin\msvcp140.dll
0x00007ffcb6da0000 - 0x00007ffcb7a02000 	C:\Users\±è»ó¹«\.jdks\temurin-17.0.10\bin\server\jvm.dll
0x00007ffd19250000 - 0x00007ffd19300000 	C:\WINDOWS\System32\ADVAPI32.dll
0x00007ffd17930000 - 0x00007ffd179d0000 	C:\WINDOWS\System32\sechost.dll
0x00007ffd179d0000 - 0x00007ffd17af5000 	C:\WINDOWS\System32\RPCRT4.dll
0x00007ffd171e0000 - 0x00007ffd17207000 	C:\WINDOWS\System32\bcrypt.dll
0x00007ffd09c80000 - 0x00007ffd09c89000 	C:\WINDOWS\SYSTEM32\WSOCK32.dll
0x00007ffd184f0000 - 0x00007ffd1855b000 	C:\WINDOWS\System32\WS2_32.dll
0x00007ffd09cb0000 - 0x00007ffd09cd7000 	C:\WINDOWS\SYSTEM32\WINMM.dll
0x00007ffd16280000 - 0x00007ffd162cb000 	C:\WINDOWS\SYSTEM32\POWRPROF.dll
0x00007ffd10220000 - 0x00007ffd1022a000 	C:\WINDOWS\SYSTEM32\VERSION.dll
0x00007ffd160f0000 - 0x00007ffd16102000 	C:\WINDOWS\SYSTEM32\UMPDC.dll
0x00007ffd15540000 - 0x00007ffd15552000 	C:\WINDOWS\SYSTEM32\kernel.appcore.dll
0x00007ffcfdd60000 - 0x00007ffcfdd6a000 	C:\Users\±è»ó¹«\.jdks\temurin-17.0.10\bin\jimage.dll
0x00007ffd148f0000 - 0x00007ffd14ad4000 	C:\WINDOWS\SYSTEM32\DBGHELP.DLL
0x00007ffd0ff80000 - 0x00007ffd0ffb4000 	C:\WINDOWS\SYSTEM32\dbgcore.DLL
0x00007ffd17050000 - 0x00007ffd170d2000 	C:\WINDOWS\System32\bcryptPrimitives.dll
0x00007ffd0afc0000 - 0x00007ffd0affb000 	C:\Users\±è»ó¹«\.jdks\temurin-17.0.10\bin\jdwp.dll
0x00007ffcd8290000 - 0x00007ffcd82b5000 	C:\Users\±è»ó¹«\.jdks\temurin-17.0.10\bin\java.dll

dbghelp: loaded successfully - version: 4.0.5 - missing functions: none
symbol engine: initialized successfully - sym options: 0x614 - pdb path: .;C:\Users\±è»ó¹«\.jdks\temurin-17.0.10\bin;C:\WINDOWS\SYSTEM32;C:\WINDOWS\WinSxS\amd64_microsoft.windows.common-controls_6595b64144ccf1df_6.0.19041.3636_none_60b6a03d71f818d5;C:\Users\±è»ó¹«\.jdks\temurin-17.0.10\bin\;C:\Users\±è»ó¹«\.jdks\temurin-17.0.10\b;C:\Users\±è»ó¹«\.jdks\temurin-17.0.1

VM Arguments:
jvm_args: -Dorg.gradle.internal.worker.tmpdir=C:\AksStudio\repositories\study\build\tmp\test\work -Dorg.gradle.native=false -agentlib:jdwp=transport=dt_socket,server=n,suspend=y,address=127.0.0.1:1228 -Xmx512m -Dfile.encoding=x-windows-949 -Duser.country=KR -Duser.language=ko -Duser.variant -ea 
java_command: worker.org.gradle.process.internal.worker.GradleWorkerMain 'Gradle Test Executor 1'
java_class_path (initial): C:\\Users\\±è»ó¹«\\.gradle\\caches\\8.7\\workerMain\\gradle-worker.jar;C:\\AksStudio\\repositories\\study\\build\\classes\\java\\test;C:\\AksStudio\\repositories\\study\\build\\classes\\java\\main;C:\\AksStudio\\repositories\\study\\build\\resources\\main;C:\\Users\\±è»ó¹«\\.gradle\\caches\\modules-2\\files-2.1\\org.springframework.boot\\spring-boot-starter-web\\3.2.4\\a74df12b71060da7c8e87f9a8c2ef4ea43fc8017\\spring-boot-starter-web-3.2.4.jar;C:\\Users\\±è»ó¹«\\.gradle\\caches\\modules-2\\files-2.1\\org.springframework.boot\\spring-boot-starter-cache\\3.2.4\\59482c227f8d0eb6d498cea29d4f9778519d50e5\\spring-boot-starter-cache-3.2.4.jar;C:\\Users\\±è»ó¹«\\.gradle\\caches\\modules-2\\files-2.1\\org.ehcache\\ehcache\\3.10.0\\7dbd8976ae8087f5db27be48abd4a238fce52765\\ehcache-3.10.0.jar;C:\\Users\\±è»ó¹«\\.gradle\\caches\\modules-2\\files-2.1\\org.springframework.boot\\spring-boot-starter-test\\3.2.4\\b0d6d874f2e67861fe17a72435f288b9cc29d6a7\\spring-boot-starter-test-3.2.4.jar;C:\\Users\\±è»ó¹«\\.gradle\\caches\\modules-2\\files-2.1\\org.mockito\\mockito-junit-jupiter\\5.7.0\\ac2d6a3431747a7986b8f4abef465f72bf3a21ae\\mockito-junit-jupiter-5.7.0.jar;C:\\Users\\±è»ó¹«\\.gradle\\caches\\modules-2\\files-2.1\\org.mockito\\mockito-core\\3.12.4\\f9cdc14ea4a3573c0c0366d47d5ca960be24ddb6\\mockito-core-3.12.4.jar;C:\\Users\\±è»ó¹«\\.gradle\\caches\\modules-2\\files-2.1\\org.springframework.boot\\spring-boot-starter-json\\3.2.4\\ef3f72369ce7f6f7a7b02c0b23e60ef5bdf581b1\\spring-boot-starter-json-3.2.4.jar;C:\\Users\\±è»ó¹«\\.gradle\\caches\\modules-2\\files-2.1\\org.springframework.boot\\spring-boot-starter\\3.2.4\\842cf7f0ed2ecfef3011f3191fc53c59ceed752\\spring-boot-starter-3.2.4.jar;C:\\Users\\±è»ó¹«\\.gradle\\caches\\modules-2\\files-2.1\\org.springframework.boot\\spring-boot-starter-tomcat\\3.2.4\\ffa632eeaaf1a4e807ec4bbcc1938f7d43096472\\spring-boot-starter-tomcat-3.2.4.jar;C:\\Users\\±è»ó¹«\\.gradle\\caches\\modules-2\\files-2.1\\org.springframewo
Launcher Type: SUN_STANDARD

[Global flags]
     intx CICompilerCount                          = 4                                         {product} {ergonomic}
     uint ConcGCThreads                            = 3                                         {product} {ergonomic}
     uint G1ConcRefinementThreads                  = 10                                        {product} {ergonomic}
   size_t G1HeapRegionSize                         = 1048576                                   {product} {ergonomic}
    uintx GCDrainStackTargetSize                   = 64                                        {product} {ergonomic}
   size_t InitialHeapSize                          = 268435456                                 {product} {ergonomic}
   size_t MarkStackSize                            = 4194304                                   {product} {ergonomic}
   size_t MaxHeapSize                              = 536870912                                 {product} {command line}
   size_t MinHeapDeltaBytes                        = 1048576                                   {product} {ergonomic}
   size_t MinHeapSize                              = 8388608                                   {product} {ergonomic}
    uintx NonNMethodCodeHeapSize                   = 5839372                                {pd product} {ergonomic}
    uintx NonProfiledCodeHeapSize                  = 122909434                              {pd product} {ergonomic}
    uintx ProfiledCodeHeapSize                     = 122909434                              {pd product} {ergonomic}
    uintx ReservedCodeCacheSize                    = 251658240                              {pd product} {ergonomic}
     bool SegmentedCodeCache                       = true                                      {product} {ergonomic}
   size_t SoftMaxHeapSize                          = 536870912                              {manageable} {ergonomic}
     bool UseCompressedClassPointers               = true                           {product lp64_product} {ergonomic}
     bool UseCompressedOops                        = true                           {product lp64_product} {ergonomic}
     bool UseG1GC                                  = true                                      {product} {ergonomic}
     bool UseLargePagesIndividualAllocation        = false                                  {pd product} {ergonomic}

Logging:
Log output configuration:
 #0: stdout all=warning uptime,level,tags
 #1: stderr all=off uptime,level,tags

Environment Variables:
PATH=C:\Program Files (x86)\NAT Service;C:\Program Files\Python310\Scripts\;C:\Program Files\Python310\;C:\Program Files\AdoptOpenJDK\jdk-8.0.292.10-hotspot\bin;C:\Program Files (x86)\Common Files\Oracle\Java\javapath;C:\WINDOWS\system32;C:\WINDOWS;C:\WINDOWS\System32\Wbem;C:\WINDOWS\System32\WindowsPowerShell\v1.0\;C:\WINDOWS\System32\OpenSSH\;C:\Program Files\Git\cmd;C:\Program Files\nodejs\;C:\Ruby26-x64\bin;C:\Users\±è»ó¹«\AppData\Local\Microsoft\WindowsApps;C:\Program Files\Bandizip\;C:\Users\±è»ó¹«\AppData\Local\Programs\Fiddler;C:\Users\±è»ó¹«\AppData\Local\GitHubDesktop\bin;C:\Users\±è»ó¹«\AppData\Local\Microsoft\WindowsApps;C:\Users\±è»ó¹«\AppData\Local\Programs\Microsoft VS Code\bin;C:\Users\±è»ó¹«\AppData\Roaming\npm;C:\Users\±è»ó¹«\AppData\Local\gitkraken\bin;C:\Users\±è»ó¹«\AppData\Local\atom\bin
USERNAME=Aks
OS=Windows_NT
PROCESSOR_IDENTIFIER=AMD64 Family 23 Model 1 Stepping 1, AuthenticAMD
TMP=C:\Users\±è»ó¹«\AppData\Local\Temp
TEMP=C:\Users\±è»ó¹«\AppData\Local\Temp



Periodic native trim disabled


---------------  S Y S T E M  ---------------

OS:
 Windows 10 , 64 bit Build 19041 (10.0.19041.3636)
OS uptime: 16 days 23:23 hours

CPU: total 12 (initial active 12) (12 cores per cpu, 2 threads per core) family 23 model 1 stepping 1 microcode 0x0, cx8, cmov, fxsr, ht, mmx, 3dnowpref, sse, sse2, sse3, ssse3, sse4a, sse4.1, sse4.2, popcnt, lzcnt, tsc, tscinvbit, avx, avx2, aes, clmul, bmi1, bmi2, adx, sha, fma, vzeroupper, clflush, clflushopt
Processor Information for all 12 processors :
  Max Mhz: 3900, Current Mhz: 3900, Mhz Limit: 3900

Memory: 4k page, system-wide physical 16329M (5237M free)
TotalPageFile size 16329M (AvailPageFile size 267M)
current process WorkingSet (physical memory assigned to process): 10M, peak: 10M
current process commit charge ("private bytes"): 63M, peak: 319M

vm_info: OpenJDK 64-Bit Server VM (17.0.10+7) for windows-amd64 JRE (17.0.10+7), built on Jan 16 2024 23:25:11 by "admin" with MS VC++ 16.10 / 16.11 (VS2019)

END.
